0 info it worked if it ends with ok
1 verbose cli [ '/usr/bin/nodejs', '/usr/bin/npm', 'install', 'ngtranslate' ]
2 info using npm@1.4.21
3 info using node@v0.10.38
4 verbose readDependencies using package.json deps
5 verbose cache add [ 'ngtranslate', null ]
6 verbose cache add name=undefined spec="ngtranslate" args=["ngtranslate",null]
7 verbose parsed url { protocol: null,
7 verbose parsed url   slashes: null,
7 verbose parsed url   auth: null,
7 verbose parsed url   host: null,
7 verbose parsed url   port: null,
7 verbose parsed url   hostname: null,
7 verbose parsed url   hash: null,
7 verbose parsed url   search: null,
7 verbose parsed url   query: null,
7 verbose parsed url   pathname: 'ngtranslate',
7 verbose parsed url   path: 'ngtranslate',
7 verbose parsed url   href: 'ngtranslate' }
8 silly lockFile ee5af4a1-ngtranslate ngtranslate
9 verbose lock ngtranslate /home/herpiko/.npm/ee5af4a1-ngtranslate.lock
10 silly lockFile ee5af4a1-ngtranslate ngtranslate
11 silly lockFile ee5af4a1-ngtranslate ngtranslate
12 verbose addNamed [ 'ngtranslate', '' ]
13 verbose addNamed [ null, '*' ]
14 silly lockFile 815c8864-ngtranslate ngtranslate@
15 verbose lock ngtranslate@ /home/herpiko/.npm/815c8864-ngtranslate.lock
16 silly addNameRange { name: 'ngtranslate', range: '*', hasData: false }
17 verbose request where is /ngtranslate
18 verbose request registry https://registry.npmjs.org/
19 verbose request id 04fdf53a6437d597
20 verbose url raw /ngtranslate
21 verbose url resolving [ 'https://registry.npmjs.org/', './ngtranslate' ]
22 verbose url resolved https://registry.npmjs.org/ngtranslate
23 verbose request where is https://registry.npmjs.org/ngtranslate
24 info trying registry request attempt 1 at 08:11:37
25 http GET https://registry.npmjs.org/ngtranslate
26 http 404 https://registry.npmjs.org/ngtranslate
27 silly registry.get cb [ 404,
27 silly registry.get   { 'content-type': 'application/json',
27 silly registry.get     'cache-control': 'max-age=0',
27 silly registry.get     'content-length': '2',
27 silly registry.get     'accept-ranges': 'bytes',
27 silly registry.get     date: 'Fri, 11 Sep 2015 01:11:37 GMT',
27 silly registry.get     via: '1.1 varnish',
27 silly registry.get     age: '0',
27 silly registry.get     connection: 'keep-alive',
27 silly registry.get     'x-served-by': 'cache-sin6927-SIN',
27 silly registry.get     'x-cache': 'MISS',
27 silly registry.get     'x-cache-hits': '0',
27 silly registry.get     'x-timer': 'S1441933897.487167,VS0,VE331' } ]
28 silly lockFile 815c8864-ngtranslate ngtranslate@
29 silly lockFile 815c8864-ngtranslate ngtranslate@
30 error 404 Not Found
30 error 404
30 error 404 'ngtranslate' is not in the npm registry.
30 error 404 You should bug the author to publish it
30 error 404 It was specified as a dependency of 'biui'
30 error 404
30 error 404 Note that you can also install from a
30 error 404 tarball, folder, or http url, or git url.
31 error System Linux 3.16-3-amd64
32 error command "/usr/bin/nodejs" "/usr/bin/npm" "install" "ngtranslate"
33 error cwd /home/herpiko/src/blankon-installer-ui
34 error node -v v0.10.38
35 error npm -v 1.4.21
36 error code E404
37 verbose exit [ 1, true ]
